Arguments: 
  C:\Program Files\nodejs\node.exe C:\Program Files (x86)\Yarn\bin\yarn.js install

PATH: 
  C:\Program Files (x86)\Common Files\Oracle\Java\javapath;C:\ProgramData\Oracle\Java\javapath;C:\WINDOWS\system32;C:\WINDOWS;C:\WINDOWS\System32\Wbem;C:\WINDOWS\System32\WindowsPowerShell\v1.0\;C:\Program Files (x86)\Microsoft SQL Server\Client SDK\ODBC\130\Tools\Binn\;C:\Program Files (x86)\Microsoft SQL Server\140\Tools\Binn\;C:\Program Files (x86)\Microsoft SQL Server\140\DTS\Binn\;C:\Program Files (x86)\Microsoft SQL Server\140\Tools\Binn\ManagementStudio\;C:\Program Files\Microsoft SQL Server\Client SDK\ODBC\130\Tools\Binn\;C:\Program Files (x86)\Microsoft SQL Server\130\Tools\Binn\;C:\Program Files\Microsoft SQL Server\130\Tools\Binn\;C:\Program Files\Microsoft SQL Server\130\DTS\Binn\;C:\Users\chris\.dnx\bin;C:\Program Files\Microsoft DNX\Dnvm\;C:\Program Files\PuTTY\;C:\Program Files\dotnet\;C:\Program Files (x86)\NVIDIA Corporation\PhysX\Common;C:\Program Files\Microsoft\Web Platform Installer\;C:\Program Files (x86)\Microsoft ASP.NET\ASP.NET Web Pages\v1.0\;C:\Program Files\Microsoft SQL Server\110\Tools\Binn\;C:\Program Files (x86)\Windows Kits\8.1\Windows Performance Toolkit\;C:\WINDOWS\System32\OpenSSH\;C:\Program Files\Microsoft SQL Server\Client SDK\ODBC\170\Tools\Binn\;C:\Program Files\NVIDIA Corporation\NVIDIA NvDLISR;C:\Program Files\Git\cmd;C:\Program Files (x86)\GitExtensions\;C:\Program Files (x86)\Yarn\bin\;C:\WINDOWS\system32;C:\WINDOWS;C:\WINDOWS\System32\Wbem;C:\WINDOWS\System32\WindowsPowerShell\v1.0\;C:\WINDOWS\System32\OpenSSH\;C:\Program Files\nodejs\;C:\Program Files (x86)\dotnet\;C:\Program Files\Docker\Docker\resources\bin;C:\ProgramData\DockerDesktop\version-bin;C:\Users\chris\AppData\Local\Microsoft\WindowsApps;C:\Users\chris\AppData\Local\Yarn\bin;C:\Users\chris\.dotnet\tools;C:\Users\chris\AppData\Roaming\npm

Yarn version: 
  1.22.4

Node version: 
  14.16.1

Platform: 
  win32 x64

Trace: 
  SyntaxError: D:\cdotyone\github-push\package.json: Unexpected token 
   in JSON at position 24
      at JSON.parse (<anonymous>)
      at C:\Program Files (x86)\Yarn\lib\cli.js:1625:59
      at Generator.next (<anonymous>)
      at step (C:\Program Files (x86)\Yarn\lib\cli.js:310:30)
      at C:\Program Files (x86)\Yarn\lib\cli.js:321:13

npm manifest: 
  {
    "name": "github-push
    "version": "1.0.0",
    "description": "Used to push files after build.",
    "main": "index.js",
    "scripts": {
      "lint": "eslint index.js",
      "package": "ncc build index.js -o dist",
      "test": "eslint index.js && jest",
      "build": "ncc build index.js"
    },
    "repository": {
      "type": "git",
      "url": "git+https://github.com/cdotyone/github-push.git"
    },
    "keywords": [
      "GitHub",
      "Actions",
      "JavaScript"
    ],
    "author": "Chris Doty",
    "license": "MIT",
    "bugs": {
      "url": "https://github.com/cdotyone/github-push/issues"
    },
    "homepage": "https://github.com/cdotyone/github-push#readme",
    "dependencies": {
      "@actions/core": ">=1.2.6"
    },
    "devDependencies": {
      "node-notifier": ">=8.0.1",
      "@zeit/ncc": "^0.20.5",
      "eslint": "^6.3.0",
      "husky": "^3.1.0",
      "jest": "^24.9.0"
    },
    "husky": {
      "hooks": {
        "pre-commit": "npm run build && git add ."
      }
    }
  }

yarn manifest: 
  No manifest

Lockfile: 
  No lockfile
